
*** Running vivado
    with args -log top.vdi -applog -m64 -product Vivado -messageDb vivado.pb -mode batch -source top.tcl -notrace



****** Vivado v2024.2 (64-bit)
  **** SW Build 5239630 on Fri Nov 08 22:35:27 MST 2024
  **** IP Build 5239520 on Sun Nov 10 16:12:51 MST 2024
  **** SharedData Build 5239561 on Fri Nov 08 14:39:27 MST 2024
  **** Start of session at: Wed Jul 30 15:52:06 2025
    ** Copyright 1986-2022 Xilinx, Inc. All Rights Reserved.
    ** Copyright 2022-2024 Advanced Micro Devices, Inc. All Rights Reserved.

source top.tcl -notrace
create_project: Time (s): cpu = 00:00:21 ; elapsed = 00:00:23 . Memory (MB): peak = 581.441 ; gain = 268.754
Command: link_design -top top -part xc7k325tffg900-2
Design is defaulting to srcset: sources_1
Design is defaulting to constrset: constrs_1
INFO: [Device 21-403] Loading part xc7k325tffg900-2
Netlist sorting complete. Time (s): cpu = 00:00:00 ; elapsed = 00:00:00.072 . Memory (MB): peak = 1223.414 ; gain = 0.000
INFO: [Netlist 29-17] Analyzing 2580 Unisim elements for replacement
INFO: [Netlist 29-28] Unisim Transformation completed in 0 CPU seconds
INFO: [Project 1-479] Netlist was created with Vivado 2024.2
INFO: [Project 1-570] Preparing netlist for logic optimization
Parsing XDC File [C:/Users/12097/Desktop/UCL/Final Project/origin_const/origin_const.srcs/constrs_1/imports/new/kc705.xdc]
WARNING: [Constraints 18-401] set_false_path: 'mmcm_inst/RST' is not a valid endpoint. [C:/Users/12097/Desktop/UCL/Final Project/origin_const/origin_const.srcs/constrs_1/imports/new/kc705.xdc:87]
Resolution: A valid end point is a data pin of a sequential cell or a primary output or inout port. Please validate that all the objects returned by your query belong to this list.
CRITICAL WARNING: [Constraints 18-512] set_false_path: list of objects specified for '-to' option contains no valid endpoints. Please check to make sure at least one valid endpoint is specified. [C:/Users/12097/Desktop/UCL/Final Project/origin_const/origin_const.srcs/constrs_1/imports/new/kc705.xdc:87]
WARNING: [Constraints 18-402] set_false_path: 'mmcm_inst/LOCKED' is not a valid startpoint. [C:/Users/12097/Desktop/UCL/Final Project/origin_const/origin_const.srcs/constrs_1/imports/new/kc705.xdc:88]
Resolution: A valid start point is a main or generated clock pin or port, a clock pin of a sequential cell, or a primary input or inout port. Please validate that all the objects returned by your query belong to this list.
CRITICAL WARNING: [Constraints 18-513] set_false_path: list of objects specified for '-from' option contains no valid startpoints. Please check to make sure at least one valid startpoint is specified. [C:/Users/12097/Desktop/UCL/Final Project/origin_const/origin_const.srcs/constrs_1/imports/new/kc705.xdc:88]
Finished Parsing XDC File [C:/Users/12097/Desktop/UCL/Final Project/origin_const/origin_const.srcs/constrs_1/imports/new/kc705.xdc]
INFO: [Opt 31-138] Pushed 0 inverter(s) to 0 load pin(s).
Netlist sorting complete. Time (s): cpu = 00:00:00 ; elapsed = 00:00:00.002 . Memory (MB): peak = 1374.523 ; gain = 0.000
INFO: [Project 1-111] Unisim Transformation Summary:
No Unisim elements were transformed.

7 Infos, 2 Warnings, 2 Critical Warnings and 0 Errors encountered.
link_design completed successfully
link_design: Time (s): cpu = 00:00:09 ; elapsed = 00:00:15 . Memory (MB): peak = 1374.523 ; gain = 406.867
Command: opt_design
Attempting to get a license for feature 'Implementation' and/or device 'xc7k325t'
INFO: [Common 17-349] Got license for feature 'Implementation' and/or device 'xc7k325t'
Running DRC as a precondition to command opt_design

Starting DRC Task
INFO: [DRC 23-27] Running DRC with 2 threads
INFO: [Project 1-461] DRC finished with 0 Errors
INFO: [Project 1-462] Please refer to the DRC report (report_drc) for more information.

Time (s): cpu = 00:00:02 ; elapsed = 00:00:04 . Memory (MB): peak = 1405.445 ; gain = 30.922

Starting Cache Timing Information Task
INFO: [Timing 38-35] Done setting XDC timing constraints.
WARNING: [Timing 38-3] User defined clock exists on pin mmcm_inst/CLKOUT0 [See C:/Users/12097/Desktop/UCL/Final Project/origin_const/origin_const.srcs/constrs_1/imports/new/kc705.xdc:13] and will prevent any subsequent automatic derivation of generated clocks on that pin. If the user defined clock specifies '-add', any existing auto-derived clocks on that pin are retained.
INFO: [Timing 38-2] Deriving generated clocks
Ending Cache Timing Information Task | Checksum: 236944488

Time (s): cpu = 00:00:10 ; elapsed = 00:00:15 . Memory (MB): peak = 2001.023 ; gain = 595.578

Starting Logic Optimization Task

Phase 1 Initialization

Phase 1.1 Core Generation And Design Setup
Phase 1.1 Core Generation And Design Setup | Checksum: 236944488

Time (s): cpu = 00:00:00 ; elapsed = 00:00:00.032 . Memory (MB): peak = 2408.715 ; gain = 0.000

Phase 1.2 Setup Constraints And Sort Netlist
Phase 1.2 Setup Constraints And Sort Netlist | Checksum: 236944488

Time (s): cpu = 00:00:00 ; elapsed = 00:00:00.044 . Memory (MB): peak = 2408.715 ; gain = 0.000
Phase 1 Initialization | Checksum: 236944488

Time (s): cpu = 00:00:00 ; elapsed = 00:00:00.046 . Memory (MB): peak = 2408.715 ; gain = 0.000

Phase 2 Timer Update And Timing Data Collection

Phase 2.1 Timer Update
Phase 2.1 Timer Update | Checksum: 236944488

Time (s): cpu = 00:00:01 ; elapsed = 00:00:02 . Memory (MB): peak = 2408.715 ; gain = 0.000

Phase 2.2 Timing Data Collection
Phase 2.2 Timing Data Collection | Checksum: 236944488

Time (s): cpu = 00:00:01 ; elapsed = 00:00:02 . Memory (MB): peak = 2408.715 ; gain = 0.000
Phase 2 Timer Update And Timing Data Collection | Checksum: 236944488

Time (s): cpu = 00:00:01 ; elapsed = 00:00:02 . Memory (MB): peak = 2408.715 ; gain = 0.000

Phase 3 Retarget
INFO: [Opt 31-1851] Number of loadless carry chains removed were: 0
INFO: [Opt 31-1834] Total Chains To Be Transformed Were: 0 AND Number of Transformed insts Created are: 0
INFO: [Opt 31-1566] Pulled 32 inverters resulting in an inversion of 306 pins
INFO: [Opt 31-138] Pushed 0 inverter(s) to 0 load pin(s).
INFO: [Opt 31-49] Retargeted 0 cell(s).
Phase 3 Retarget | Checksum: 21ce39951

Time (s): cpu = 00:00:01 ; elapsed = 00:00:03 . Memory (MB): peak = 2408.715 ; gain = 0.000
Retarget | Checksum: 21ce39951
INFO: [Opt 31-389] Phase Retarget created 22 cells and removed 56 cells
INFO: [Opt 31-1021] In phase Retarget, 1 netlist objects are constrained preventing optimization. Please run opt_design with -debug_log to get more detail. 

Phase 4 Constant propagation
INFO: [Opt 31-138] Pushed 0 inverter(s) to 0 load pin(s).
Phase 4 Constant propagation | Checksum: 23dc39852

Time (s): cpu = 00:00:01 ; elapsed = 00:00:03 . Memory (MB): peak = 2408.715 ; gain = 0.000
Constant propagation | Checksum: 23dc39852
INFO: [Opt 31-389] Phase Constant propagation created 0 cells and removed 0 cells

Phase 5 Sweep
INFO: [Constraints 18-11670] Building netlist checker database with flags, 0x8
Done building netlist checker database: Time (s): cpu = 00:00:00 ; elapsed = 00:00:00.002 . Memory (MB): peak = 2408.715 ; gain = 0.000
Phase 5 Sweep | Checksum: 16c882f56

Time (s): cpu = 00:00:01 ; elapsed = 00:00:03 . Memory (MB): peak = 2408.715 ; gain = 0.000
Sweep | Checksum: 16c882f56
INFO: [Opt 31-389] Phase Sweep created 0 cells and removed 0 cells

Phase 6 BUFG optimization
Phase 6 BUFG optimization | Checksum: 16c882f56

Time (s): cpu = 00:00:02 ; elapsed = 00:00:03 . Memory (MB): peak = 2408.715 ; gain = 0.000
BUFG optimization | Checksum: 16c882f56
INFO: [Opt 31-662] Phase BUFG optimization created 0 cells of which 0 are BUFGs and removed 0 cells.

Phase 7 Shift Register Optimization
INFO: [Opt 31-1064] SRL Remap converted 0 SRLs to 0 registers and converted 0 registers of register chains to 0 SRLs
Phase 7 Shift Register Optimization | Checksum: 16c882f56

Time (s): cpu = 00:00:02 ; elapsed = 00:00:03 . Memory (MB): peak = 2408.715 ; gain = 0.000
Shift Register Optimization | Checksum: 16c882f56
INFO: [Opt 31-389] Phase Shift Register Optimization created 0 cells and removed 0 cells

Phase 8 Post Processing Netlist
Phase 8 Post Processing Netlist | Checksum: 16c882f56

Time (s): cpu = 00:00:02 ; elapsed = 00:00:03 . Memory (MB): peak = 2408.715 ; gain = 0.000
Post Processing Netlist | Checksum: 16c882f56
INFO: [Opt 31-389] Phase Post Processing Netlist created 0 cells and removed 0 cells

Phase 9 Finalization

Phase 9.1 Finalizing Design Cores and Updating Shapes
Phase 9.1 Finalizing Design Cores and Updating Shapes | Checksum: 27a6ca78f

Time (s): cpu = 00:00:02 ; elapsed = 00:00:03 . Memory (MB): peak = 2408.715 ; gain = 0.000

Phase 9.2 Verifying Netlist Connectivity

Starting Connectivity Check Task

Time (s): cpu = 00:00:00 ; elapsed = 00:00:01 . Memory (MB): peak = 2408.715 ; gain = 0.000
Phase 9.2 Verifying Netlist Connectivity | Checksum: 27a6ca78f

Time (s): cpu = 00:00:02 ; elapsed = 00:00:04 . Memory (MB): peak = 2408.715 ; gain = 0.000
Phase 9 Finalization | Checksum: 27a6ca78f

Time (s): cpu = 00:00:02 ; elapsed = 00:00:04 . Memory (MB): peak = 2408.715 ; gain = 0.000
Opt_design Change Summary
=========================


-------------------------------------------------------------------------------------------------------------------------
|  Phase                        |  #Cells created  |  #Cells Removed  |  #Constrained objects preventing optimizations  |
-------------------------------------------------------------------------------------------------------------------------
|  Retarget                     |              22  |              56  |                                              1  |
|  Constant propagation         |               0  |               0  |                                              0  |
|  Sweep                        |               0  |               0  |                                              0  |
|  BUFG optimization            |               0  |               0  |                                              0  |
|  Shift Register Optimization  |               0  |               0  |                                              0  |
|  Post Processing Netlist      |               0  |               0  |                                              0  |
-------------------------------------------------------------------------------------------------------------------------


Ending Logic Optimization Task | Checksum: 27a6ca78f

Time (s): cpu = 00:00:02 ; elapsed = 00:00:04 . Memory (MB): peak = 2408.715 ; gain = 0.000

Starting Power Optimization Task
INFO: [Pwropt 34-132] Skipping clock gating for clocks with a period < 2.00 ns.
INFO: [Timing 38-35] Done setting XDC timing constraints.
WARNING: [Timing 38-3] User defined clock exists on pin mmcm_inst/CLKOUT0 [See C:/Users/12097/Desktop/UCL/Final Project/origin_const/origin_const.srcs/constrs_1/imports/new/kc705.xdc:13] and will prevent any subsequent automatic derivation of generated clocks on that pin. If the user defined clock specifies '-add', any existing auto-derived clocks on that pin are retained.
INFO: [Pwropt 34-9] Applying IDT optimizations ...
INFO: [Pwropt 34-10] Applying ODC optimizations ...
Running Vector-less Activity Propagation...

Finished Running Vector-less Activity Propagation


Starting PowerOpt Patch Enables Task
INFO: [Pwropt 34-162] WRITE_MODE attribute of 0 BRAM(s) out of a total of 13 has been updated to save power. Run report_power_opt to get a complete listing of the BRAMs updated.
INFO: [Pwropt 34-201] Structural ODC has moved 6 WE to EN ports
Number of BRAM Ports augmented: 0 newly gated: 6 Total Ports: 26
Ending PowerOpt Patch Enables Task | Checksum: 24b193ff0

Time (s): cpu = 00:00:00 ; elapsed = 00:00:00.112 . Memory (MB): peak = 2496.270 ; gain = 0.000
Ending Power Optimization Task | Checksum: 24b193ff0

Time (s): cpu = 00:00:06 ; elapsed = 00:00:13 . Memory (MB): peak = 2496.270 ; gain = 87.555

Starting Final Cleanup Task
Ending Final Cleanup Task | Checksum: 24b193ff0

Time (s): cpu = 00:00:00 ; elapsed = 00:00:00.004 . Memory (MB): peak = 2496.270 ; gain = 0.000

Starting Netlist Obfuscation Task
Netlist sorting complete. Time (s): cpu = 00:00:00 ; elapsed = 00:00:00.006 . Memory (MB): peak = 2496.270 ; gain = 0.000
Ending Netlist Obfuscation Task | Checksum: 1f2544809

Time (s): cpu = 00:00:00 ; elapsed = 00:00:00.008 . Memory (MB): peak = 2496.270 ; gain = 0.000
INFO: [Common 17-83] Releasing license: Implementation
35 Infos, 4 Warnings, 2 Critical Warnings and 0 Errors encountered.
opt_design completed successfully
opt_design: Time (s): cpu = 00:00:23 ; elapsed = 00:00:40 . Memory (MB): peak = 2496.270 ; gain = 1121.746
INFO: [Vivado 12-24828] Executing command : report_drc -file top_drc_opted.rpt -pb top_drc_opted.pb -rpx top_drc_opted.rpx
Command: report_drc -file top_drc_opted.rpt -pb top_drc_opted.pb -rpx top_drc_opted.rpx
INFO: [IP_Flow 19-234] Refreshing IP repositories
INFO: [IP_Flow 19-1704] No user IP repositories specified
INFO: [IP_Flow 19-2313] Loaded Vivado IP repository 'D:/Xilinx/Vivado/2024.2/data/ip'.
INFO: [DRC 23-27] Running DRC with 2 threads
INFO: [Vivado_Tcl 2-168] The results of DRC are in file C:/Users/12097/Desktop/UCL/Final Project/origin_const/origin_const.runs/impl_1/top_drc_opted.rpt.
report_drc completed successfully
report_drc: Time (s): cpu = 00:00:03 ; elapsed = 00:00:05 . Memory (MB): peak = 2496.270 ; gain = 0.000
generate_parallel_reports: Time (s): cpu = 00:00:03 ; elapsed = 00:00:05 . Memory (MB): peak = 2496.270 ; gain = 0.000
Wrote PlaceDB: Time (s): cpu = 00:00:00 ; elapsed = 00:00:00.003 . Memory (MB): peak = 2496.270 ; gain = 0.000
Write ShapeDB Complete: Time (s): cpu = 00:00:00 ; elapsed = 00:00:00.042 . Memory (MB): peak = 2496.270 ; gain = 0.000
INFO: [Timing 38-480] Writing timing data to binary archive.
Wrote PulsedLatchDB: Time (s): cpu = 00:00:00 ; elapsed = 00:00:00 . Memory (MB): peak = 2496.270 ; gain = 0.000
Writing XDEF routing.
Writing XDEF routing logical nets.
Writing XDEF routing special nets.
Wrote RouteStorage: Time (s): cpu = 00:00:00 ; elapsed = 00:00:00.031 . Memory (MB): peak = 2496.270 ; gain = 0.000
Wrote Netlist Cache: Time (s): cpu = 00:00:00 ; elapsed = 00:00:00 . Memory (MB): peak = 2496.270 ; gain = 0.000
Wrote Device Cache: Time (s): cpu = 00:00:00 ; elapsed = 00:00:00.007 . Memory (MB): peak = 2496.270 ; gain = 0.000
Write Physdb Complete: Time (s): cpu = 00:00:00 ; elapsed = 00:00:01 . Memory (MB): peak = 2496.270 ; gain = 0.000
INFO: [Common 17-1381] The checkpoint 'C:/Users/12097/Desktop/UCL/Final Project/origin_const/origin_const.runs/impl_1/top_opt.dcp' has been generated.
Command: place_design
Attempting to get a license for feature 'Implementation' and/or device 'xc7k325t'
INFO: [Common 17-349] Got license for feature 'Implementation' and/or device 'xc7k325t'
INFO: [Common 17-83] Releasing license: Implementation
INFO: [DRC 23-27] Running DRC with 2 threads
INFO: [Vivado_Tcl 4-198] DRC finished with 0 Errors
INFO: [Vivado_Tcl 4-199] Please refer to the DRC report (report_drc) for more information.
Running DRC as a precondition to command place_design
INFO: [DRC 23-27] Running DRC with 2 threads
INFO: [Vivado_Tcl 4-198] DRC finished with 0 Errors, 21 Warnings
INFO: [Vivado_Tcl 4-199] Please refer to the DRC report (report_drc) for more information.
INFO: [Place 30-611] Multithreading enabled for place_design using a maximum of 2 CPUs

Starting Placer Task

Phase 1 Placer Initialization

Phase 1.1 Placer Initialization Netlist Sorting
Netlist sorting complete. Time (s): cpu = 00:00:00 ; elapsed = 00:00:00.011 . Memory (MB): peak = 2496.270 ; gain = 0.000
Phase 1.1 Placer Initialization Netlist Sorting | Checksum: 18f7ce57a

Time (s): cpu = 00:00:00 ; elapsed = 00:00:00.036 . Memory (MB): peak = 2496.270 ; gain = 0.000
Netlist sorting complete. Time (s): cpu = 00:00:00 ; elapsed = 00:00:00.011 . Memory (MB): peak = 2496.270 ; gain = 0.000

Phase 1.2 IO Placement/ Clock Placement/ Build Placer Device
INFO: [Timing 38-35] Done setting XDC timing constraints.
WARNING: [Timing 38-3] User defined clock exists on pin mmcm_inst/CLKOUT0 [See C:/Users/12097/Desktop/UCL/Final Project/origin_const/origin_const.srcs/constrs_1/imports/new/kc705.xdc:13] and will prevent any subsequent automatic derivation of generated clocks on that pin. If the user defined clock specifies '-add', any existing auto-derived clocks on that pin are retained.
Phase 1.2 IO Placement/ Clock Placement/ Build Placer Device | Checksum: 1efbca236

Time (s): cpu = 00:00:02 ; elapsed = 00:00:03 . Memory (MB): peak = 2496.270 ; gain = 0.000

Phase 1.3 Build Placer Netlist Model
Phase 1.3 Build Placer Netlist Model | Checksum: 2592c357e

Time (s): cpu = 00:00:07 ; elapsed = 00:00:10 . Memory (MB): peak = 2496.270 ; gain = 0.000

Phase 1.4 Constrain Clocks/Macros
Phase 1.4 Constrain Clocks/Macros | Checksum: 2592c357e

Time (s): cpu = 00:00:07 ; elapsed = 00:00:10 . Memory (MB): peak = 2496.270 ; gain = 0.000
Phase 1 Placer Initialization | Checksum: 2592c357e

Time (s): cpu = 00:00:07 ; elapsed = 00:00:11 . Memory (MB): peak = 2496.270 ; gain = 0.000

Phase 2 Global Placement

Phase 2.1 Floorplanning
Phase 2.1 Floorplanning | Checksum: 1f1ded749

Time (s): cpu = 00:00:08 ; elapsed = 00:00:12 . Memory (MB): peak = 2496.270 ; gain = 0.000

Phase 2.2 Update Timing before SLR Path Opt
Phase 2.2 Update Timing before SLR Path Opt | Checksum: 234a8f1bd

Time (s): cpu = 00:00:10 ; elapsed = 00:00:13 . Memory (MB): peak = 2496.270 ; gain = 0.000

Phase 2.3 Post-Processing in Floorplanning
Phase 2.3 Post-Processing in Floorplanning | Checksum: 234a8f1bd

Time (s): cpu = 00:00:10 ; elapsed = 00:00:13 . Memory (MB): peak = 2496.270 ; gain = 0.000

Phase 2.4 Global Place Phase1
Phase 2.4 Global Place Phase1 | Checksum: 2a811589a

Time (s): cpu = 00:00:21 ; elapsed = 00:00:25 . Memory (MB): peak = 2496.270 ; gain = 0.000

Phase 2.5 Global Place Phase2

Phase 2.5.1 UpdateTiming Before Physical Synthesis
Phase 2.5.1 UpdateTiming Before Physical Synthesis | Checksum: 2a811589a

Time (s): cpu = 00:00:22 ; elapsed = 00:00:26 . Memory (MB): peak = 2496.270 ; gain = 0.000

Phase 2.5.2 Physical Synthesis In Placer
INFO: [Physopt 32-1035] Found 0 LUTNM shape to break, 615 LUT instances to create LUTNM shape
INFO: [Physopt 32-1044] Break lutnm for timing: one critical 0, two critical 0, total 0, new lutff created 0
INFO: [Physopt 32-1138] End 1 Pass. Optimized 281 nets or LUTs. Breaked 0 LUT, combined 281 existing LUTs and moved 0 existing LUT
INFO: [Physopt 32-65] No nets found for high-fanout optimization.
INFO: [Physopt 32-232] Optimized 0 net. Created 0 new instance.
INFO: [Physopt 32-775] End 1 Pass. Optimized 0 net or cell. Created 0 new cell, deleted 0 existing cell and moved 0 existing cell
INFO: [Physopt 32-670] No setup violation found.  DSP Register Optimization was not performed.
INFO: [Physopt 32-670] No setup violation found.  Shift Register to Pipeline Optimization was not performed.
INFO: [Physopt 32-670] No setup violation found.  Shift Register Optimization was not performed.
INFO: [Physopt 32-670] No setup violation found.  BRAM Register Optimization was not performed.
INFO: [Physopt 32-670] No setup violation found.  URAM Register Optimization was not performed.
INFO: [Physopt 32-949] No candidate nets found for dynamic/static region interface net replication
INFO: [Physopt 32-775] End 1 Pass. Optimized 0 net or cell. Created 0 new cell, deleted 0 existing cell and moved 0 existing cell
Netlist sorting complete. Time (s): cpu = 00:00:00 ; elapsed = 00:00:00.003 . Memory (MB): peak = 2496.270 ; gain = 0.000

Summary of Physical Synthesis Optimizations
============================================


-----------------------------------------------------------------------------------------------------------------------------------------------------------
|  Optimization                                     |  Added Cells  |  Removed Cells  |  Optimized Cells/Nets  |  Dont Touch  |  Iterations  |  Elapsed   |
-----------------------------------------------------------------------------------------------------------------------------------------------------------
|  LUT Combining                                    |            0  |            281  |                   281  |           0  |           1  |  00:00:01  |
|  Retime                                           |            0  |              0  |                     0  |           0  |           1  |  00:00:00  |
|  Very High Fanout                                 |            0  |              0  |                     0  |           0  |           1  |  00:00:00  |
|  DSP Register                                     |            0  |              0  |                     0  |           0  |           0  |  00:00:00  |
|  Shift Register to Pipeline                       |            0  |              0  |                     0  |           0  |           0  |  00:00:00  |
|  Shift Register                                   |            0  |              0  |                     0  |           0  |           0  |  00:00:00  |
|  BRAM Register                                    |            0  |              0  |                     0  |           0  |           0  |  00:00:00  |
|  URAM Register                                    |            0  |              0  |                     0  |           0  |           0  |  00:00:00  |
|  Dynamic/Static Region Interface Net Replication  |            0  |              0  |                     0  |           0  |           1  |  00:00:00  |
|  Total                                            |            0  |            281  |                   281  |           0  |           4  |  00:00:01  |
-----------------------------------------------------------------------------------------------------------------------------------------------------------


Phase 2.5.2 Physical Synthesis In Placer | Checksum: 1fbfca76d

Time (s): cpu = 00:00:25 ; elapsed = 00:00:28 . Memory (MB): peak = 2496.270 ; gain = 0.000
Phase 2.5 Global Place Phase2 | Checksum: cbd68bc0

Time (s): cpu = 00:00:26 ; elapsed = 00:00:31 . Memory (MB): peak = 2496.270 ; gain = 0.000
Phase 2 Global Placement | Checksum: cbd68bc0

Time (s): cpu = 00:00:26 ; elapsed = 00:00:32 . Memory (MB): peak = 2496.270 ; gain = 0.000

Phase 3 Detail Placement

Phase 3.1 Commit Multi Column Macros
Phase 3.1 Commit Multi Column Macros | Checksum: 19d393925

Time (s): cpu = 00:00:28 ; elapsed = 00:00:33 . Memory (MB): peak = 2496.270 ; gain = 0.000

Phase 3.2 Commit Most Macros & LUTRAMs
Phase 3.2 Commit Most Macros & LUTRAMs | Checksum: 19dcc2f48

Time (s): cpu = 00:00:31 ; elapsed = 00:00:36 . Memory (MB): peak = 2496.270 ; gain = 0.000

Phase 3.3 Area Swap Optimization
Phase 3.3 Area Swap Optimization | Checksum: 22ebf02f2

Time (s): cpu = 00:00:31 ; elapsed = 00:00:37 . Memory (MB): peak = 2496.270 ; gain = 0.000

Phase 3.4 Pipeline Register Optimization
Phase 3.4 Pipeline Register Optimization | Checksum: 1ff3a38d0

Time (s): cpu = 00:00:31 ; elapsed = 00:00:37 . Memory (MB): peak = 2496.270 ; gain = 0.000

Phase 3.5 Small Shape Detail Placement
Phase 3.5 Small Shape Detail Placement | Checksum: 1b26fcff8

Time (s): cpu = 00:00:36 ; elapsed = 00:00:44 . Memory (MB): peak = 2496.270 ; gain = 0.000

Phase 3.6 Re-assign LUT pins
Phase 3.6 Re-assign LUT pins | Checksum: 17d7fbcc5

Time (s): cpu = 00:00:37 ; elapsed = 00:00:45 . Memory (MB): peak = 2496.270 ; gain = 0.000

Phase 3.7 Pipeline Register Optimization
Phase 3.7 Pipeline Register Optimization | Checksum: 1320c919b

Time (s): cpu = 00:00:37 ; elapsed = 00:00:46 . Memory (MB): peak = 2496.270 ; gain = 0.000
Phase 3 Detail Placement | Checksum: 1320c919b

Time (s): cpu = 00:00:37 ; elapsed = 00:00:47 . Memory (MB): peak = 2496.270 ; gain = 0.000

Phase 4 Post Placement Optimization and Clean-Up

Phase 4.1 Post Commit Optimization
INFO: [Timing 38-35] Done setting XDC timing constraints.
WARNING: [Timing 38-3] User defined clock exists on pin mmcm_inst/CLKOUT0 [See C:/Users/12097/Desktop/UCL/Final Project/origin_const/origin_const.srcs/constrs_1/imports/new/kc705.xdc:13] and will prevent any subsequent automatic derivation of generated clocks on that pin. If the user defined clock specifies '-add', any existing auto-derived clocks on that pin are retained.

Phase 4.1.1 Post Placement Optimization
Post Placement Optimization Initialization | Checksum: 3cf4e8c9

Phase 4.1.1.1 BUFG Insertion

Starting Physical Synthesis Task

Phase 1 Physical Synthesis Initialization
INFO: [Physopt 32-721] Multithreading enabled for phys_opt_design using a maximum of 2 CPUs
INFO: [Physopt 32-619] Estimated Timing Summary | WNS=5.160 | TNS=0.000 |
Phase 1 Physical Synthesis Initialization | Checksum: 71288831

Time (s): cpu = 00:00:01 ; elapsed = 00:00:02 . Memory (MB): peak = 2518.527 ; gain = 0.000
INFO: [Place 46-33] Processed net reset_sync_inst/p_0_in, BUFG insertion was skipped due to placement/routing conflicts.
INFO: [Place 46-56] BUFG insertion identified 1 candidate nets. Inserted BUFG: 0, Replicated BUFG Driver: 0, Skipped due to Placement/Routing Conflicts: 1, Skipped due to Timing Degradation: 0, Skipped due to netlist editing failed: 0.
Ending Physical Synthesis Task | Checksum: 96fd522c

Time (s): cpu = 00:00:01 ; elapsed = 00:00:04 . Memory (MB): peak = 2518.527 ; gain = 0.000
Phase 4.1.1.1 BUFG Insertion | Checksum: 3cf4e8c9

Time (s): cpu = 00:00:43 ; elapsed = 00:01:00 . Memory (MB): peak = 2518.527 ; gain = 22.258

Phase 4.1.1.2 Post Placement Timing Optimization
INFO: [Place 30-746] Post Placement Timing Summary WNS=5.160. For the most accurate timing information please run report_timing.
Phase 4.1.1.2 Post Placement Timing Optimization | Checksum: c1d28a17

Time (s): cpu = 00:00:44 ; elapsed = 00:01:00 . Memory (MB): peak = 2518.527 ; gain = 22.258

Time (s): cpu = 00:00:44 ; elapsed = 00:01:01 . Memory (MB): peak = 2518.527 ; gain = 22.258
Phase 4.1 Post Commit Optimization | Checksum: c1d28a17

Time (s): cpu = 00:00:44 ; elapsed = 00:01:01 . Memory (MB): peak = 2518.527 ; gain = 22.258

Phase 4.2 Post Placement Cleanup
Phase 4.2 Post Placement Cleanup | Checksum: c1d28a17

Time (s): cpu = 00:00:44 ; elapsed = 00:01:01 . Memory (MB): peak = 2518.527 ; gain = 22.258

Phase 4.3 Placer Reporting

Phase 4.3.1 Print Estimated Congestion
INFO: [Place 30-612] Post-Placement Estimated Congestion 
 ____________________________________________________
|           | Global Congestion | Short Congestion  |
| Direction | Region Size       | Region Size       |
|___________|___________________|___________________|
|      North|                1x1|                1x1|
|___________|___________________|___________________|
|      South|                1x1|                1x1|
|___________|___________________|___________________|
|       East|                1x1|                1x1|
|___________|___________________|___________________|
|       West|                1x1|                1x1|
|___________|___________________|___________________|

Phase 4.3.1 Print Estimated Congestion | Checksum: c1d28a17

Time (s): cpu = 00:00:44 ; elapsed = 00:01:02 . Memory (MB): peak = 2518.527 ; gain = 22.258
Phase 4.3 Placer Reporting | Checksum: c1d28a17

Time (s): cpu = 00:00:44 ; elapsed = 00:01:02 . Memory (MB): peak = 2518.527 ; gain = 22.258

Phase 4.4 Final Placement Cleanup
Netlist sorting complete. Time (s): cpu = 00:00:00 ; elapsed = 00:00:00.011 . Memory (MB): peak = 2518.527 ; gain = 0.000

Time (s): cpu = 00:00:44 ; elapsed = 00:01:03 . Memory (MB): peak = 2518.527 ; gain = 22.258
Phase 4 Post Placement Optimization and Clean-Up | Checksum: 189d58a8c

Time (s): cpu = 00:00:44 ; elapsed = 00:01:04 . Memory (MB): peak = 2518.527 ; gain = 22.258
Ending Placer Task | Checksum: fc28f012

Time (s): cpu = 00:00:45 ; elapsed = 00:01:05 . Memory (MB): peak = 2518.527 ; gain = 22.258
73 Infos, 6 Warnings, 2 Critical Warnings and 0 Errors encountered.
place_design completed successfully
place_design: Time (s): cpu = 00:00:49 ; elapsed = 00:01:09 . Memory (MB): peak = 2518.527 ; gain = 22.258
INFO: [Vivado 12-24838] Running report commands "report_control_sets, report_io, report_utilization" in parallel.
Running report generation with 2 threads.
INFO: [Vivado 12-24828] Executing command : report_io -file top_io_placed.rpt
report_io: Time (s): cpu = 00:00:00 ; elapsed = 00:00:00.135 . Memory (MB): peak = 2518.527 ; gain = 0.000
INFO: [Vivado 12-24828] Executing command : report_utilization -file top_utilization_placed.rpt -pb top_utilization_placed.pb
INFO: [Vivado 12-24828] Executing command : report_control_sets -verbose -file top_control_sets_placed.rpt
report_control_sets: Time (s): cpu = 00:00:00 ; elapsed = 00:00:00.017 . Memory (MB): peak = 2518.527 ; gain = 0.000
INFO: [Timing 38-480] Writing timing data to binary archive.
Write ShapeDB Complete: Time (s): cpu = 00:00:00 ; elapsed = 00:00:00.053 . Memory (MB): peak = 2518.527 ; gain = 0.000
Wrote PlaceDB: Time (s): cpu = 00:00:02 ; elapsed = 00:00:01 . Memory (MB): peak = 2518.527 ; gain = 0.000
Wrote PulsedLatchDB: Time (s): cpu = 00:00:00 ; elapsed = 00:00:00 . Memory (MB): peak = 2518.527 ; gain = 0.000
Writing XDEF routing.
Writing XDEF routing logical nets.
Writing XDEF routing special nets.
Wrote RouteStorage: Time (s): cpu = 00:00:00 ; elapsed = 00:00:00.022 . Memory (MB): peak = 2518.527 ; gain = 0.000
Wrote Netlist Cache: Time (s): cpu = 00:00:00 ; elapsed = 00:00:00.023 . Memory (MB): peak = 2518.527 ; gain = 0.000
Wrote Device Cache: Time (s): cpu = 00:00:00 ; elapsed = 00:00:00.008 . Memory (MB): peak = 2518.527 ; gain = 0.000
Write Physdb Complete: Time (s): cpu = 00:00:02 ; elapsed = 00:00:01 . Memory (MB): peak = 2518.527 ; gain = 0.000
INFO: [Common 17-1381] The checkpoint 'C:/Users/12097/Desktop/UCL/Final Project/origin_const/origin_const.runs/impl_1/top_placed.dcp' has been generated.
Command: phys_opt_design
Attempting to get a license for feature 'Implementation' and/or device 'xc7k325t'
INFO: [Common 17-349] Got license for feature 'Implementation' and/or device 'xc7k325t'

Starting Initial Update Timing Task

Time (s): cpu = 00:00:04 ; elapsed = 00:00:02 . Memory (MB): peak = 2518.527 ; gain = 0.000
INFO: [Vivado_Tcl 4-2279] Estimated Timing Summary | WNS= 5.160 | TNS= 0.000 | 
INFO: [Vivado_Tcl 4-383] Design worst setup slack (WNS) is greater than or equal to 0.000 ns. All physical synthesis setup optimizations will be skipped.
INFO: [Vivado_Tcl 4-232] No setup violation found. The netlist was not modified.
INFO: [Common 17-83] Releasing license: Implementation
84 Infos, 6 Warnings, 2 Critical Warnings and 0 Errors encountered.
phys_opt_design completed successfully
INFO: [Timing 38-480] Writing timing data to binary archive.
Write ShapeDB Complete: Time (s): cpu = 00:00:00 ; elapsed = 00:00:00.057 . Memory (MB): peak = 2536.523 ; gain = 1.895
Wrote PlaceDB: Time (s): cpu = 00:00:02 ; elapsed = 00:00:01 . Memory (MB): peak = 2536.523 ; gain = 1.895
Wrote PulsedLatchDB: Time (s): cpu = 00:00:00 ; elapsed = 00:00:00 . Memory (MB): peak = 2536.523 ; gain = 0.000
Writing XDEF routing.
Writing XDEF routing logical nets.
Writing XDEF routing special nets.
Wrote RouteStorage: Time (s): cpu = 00:00:00 ; elapsed = 00:00:00.026 . Memory (MB): peak = 2536.523 ; gain = 0.000
Wrote Netlist Cache: Time (s): cpu = 00:00:00 ; elapsed = 00:00:00.024 . Memory (MB): peak = 2536.523 ; gain = 0.000
Wrote Device Cache: Time (s): cpu = 00:00:00 ; elapsed = 00:00:00.007 . Memory (MB): peak = 2536.523 ; gain = 0.000
Write Physdb Complete: Time (s): cpu = 00:00:02 ; elapsed = 00:00:01 . Memory (MB): peak = 2536.523 ; gain = 1.895
INFO: [Common 17-1381] The checkpoint 'C:/Users/12097/Desktop/UCL/Final Project/origin_const/origin_const.runs/impl_1/top_physopt.dcp' has been generated.
Command: route_design
Attempting to get a license for feature 'Implementation' and/or device 'xc7k325t'
INFO: [Common 17-349] Got license for feature 'Implementation' and/or device 'xc7k325t'


Starting Routing Task
INFO: [Route 35-254] Multithreading enabled for route_design using a maximum of 2 CPUs

Phase 1 Build RT Design
Checksum: PlaceDB: 62848d7 ConstDB: 0 ShapeSum: cd852ceb RouteDB: 287b7a50
Post Restoration Checksum: NetGraph: 9a4b4751 | NumContArr: 310fc8fd | Constraints: c2a8fa9d | Timing: c2a8fa9d
Phase 1 Build RT Design | Checksum: 250ad0588

Time (s): cpu = 00:00:48 ; elapsed = 00:00:45 . Memory (MB): peak = 2795.203 ; gain = 258.680

Phase 2 Router Initialization

Phase 2.1 Fix Topology Constraints
Phase 2.1 Fix Topology Constraints | Checksum: 250ad0588

Time (s): cpu = 00:00:48 ; elapsed = 00:00:45 . Memory (MB): peak = 2795.203 ; gain = 258.680

Phase 2.2 Pre Route Cleanup
Phase 2.2 Pre Route Cleanup | Checksum: 250ad0588

Time (s): cpu = 00:00:48 ; elapsed = 00:00:45 . Memory (MB): peak = 2795.203 ; gain = 258.680
 Number of Nodes with overlaps = 0

Phase 2.3 Update Timing
Phase 2.3 Update Timing | Checksum: 2a2967b30

Time (s): cpu = 00:00:56 ; elapsed = 00:00:57 . Memory (MB): peak = 2864.980 ; gain = 328.457
INFO: [Route 35-416] Intermediate Timing Summary | WNS=5.387  | TNS=0.000  | WHS=-0.657 | THS=-512.146|


Router Utilization Summary
  Global Vertical Routing Utilization    = 0 %
  Global Horizontal Routing Utilization  = 0 %
  Routable Net Status*
  *Does not include unroutable nets such as driverless and loadless.
  Run report_route_status for detailed report.
  Number of Failed Nets               = 10545
    (Failed Nets is the sum of unrouted and partially routed nets)
  Number of Unrouted Nets             = 10545
  Number of Partially Routed Nets     = 0
  Number of Node Overlaps             = 0

Phase 2 Router Initialization | Checksum: 280c3ad90

Time (s): cpu = 00:00:59 ; elapsed = 00:01:00 . Memory (MB): peak = 2933.309 ; gain = 396.785

Phase 3 Global Routing
Phase 3 Global Routing | Checksum: 280c3ad90

Time (s): cpu = 00:00:59 ; elapsed = 00:01:00 . Memory (MB): peak = 2933.309 ; gain = 396.785

Phase 4 Initial Routing

Phase 4.1 Initial Net Routing Pass
Phase 4.1 Initial Net Routing Pass | Checksum: 1a875f116

Time (s): cpu = 00:01:04 ; elapsed = 00:01:04 . Memory (MB): peak = 2933.309 ; gain = 396.785
Phase 4 Initial Routing | Checksum: 1a875f116

Time (s): cpu = 00:01:04 ; elapsed = 00:01:04 . Memory (MB): peak = 2933.309 ; gain = 396.785

Phase 5 Rip-up And Reroute

Phase 5.1 Global Iteration 0
 Number of Nodes with overlaps = 1458
 Number of Nodes with overlaps = 6
 Number of Nodes with overlaps = 0
INFO: [Route 35-416] Intermediate Timing Summary | WNS=3.802  | TNS=0.000  | WHS=N/A    | THS=N/A    |

Phase 5.1 Global Iteration 0 | Checksum: 1e7a38f72

Time (s): cpu = 00:01:14 ; elapsed = 00:01:14 . Memory (MB): peak = 2933.309 ; gain = 396.785
Phase 5 Rip-up And Reroute | Checksum: 1e7a38f72

Time (s): cpu = 00:01:14 ; elapsed = 00:01:14 . Memory (MB): peak = 2933.309 ; gain = 396.785

Phase 6 Delay and Skew Optimization

Phase 6.1 Delay CleanUp
Phase 6.1 Delay CleanUp | Checksum: 1e7a38f72

Time (s): cpu = 00:01:14 ; elapsed = 00:01:15 . Memory (MB): peak = 2933.309 ; gain = 396.785

Phase 6.2 Clock Skew Optimization
Phase 6.2 Clock Skew Optimization | Checksum: 1e7a38f72

Time (s): cpu = 00:01:14 ; elapsed = 00:01:15 . Memory (MB): peak = 2933.309 ; gain = 396.785
Phase 6 Delay and Skew Optimization | Checksum: 1e7a38f72

Time (s): cpu = 00:01:14 ; elapsed = 00:01:15 . Memory (MB): peak = 2933.309 ; gain = 396.785

Phase 7 Post Hold Fix

Phase 7.1 Hold Fix Iter
INFO: [Route 35-416] Intermediate Timing Summary | WNS=3.802  | TNS=0.000  | WHS=0.030  | THS=0.000  |

Phase 7.1 Hold Fix Iter | Checksum: 21086308b

Time (s): cpu = 00:01:15 ; elapsed = 00:01:16 . Memory (MB): peak = 2933.309 ; gain = 396.785
Phase 7 Post Hold Fix | Checksum: 21086308b

Time (s): cpu = 00:01:15 ; elapsed = 00:01:17 . Memory (MB): peak = 2933.309 ; gain = 396.785

Phase 8 Route finalize

Router Utilization Summary
  Global Vertical Routing Utilization    = 0.580336 %
  Global Horizontal Routing Utilization  = 0.801876 %
  Routable Net Status*
  *Does not include unroutable nets such as driverless and loadless.
  Run report_route_status for detailed report.
  Number of Failed Nets               = 0
    (Failed Nets is the sum of unrouted and partially routed nets)
  Number of Unrouted Nets             = 0
  Number of Partially Routed Nets     = 0
  Number of Node Overlaps             = 0

Phase 8 Route finalize | Checksum: 21086308b

Time (s): cpu = 00:01:15 ; elapsed = 00:01:17 . Memory (MB): peak = 2933.309 ; gain = 396.785

Phase 9 Verifying routed nets

 Verification completed successfully
Phase 9 Verifying routed nets | Checksum: 21086308b

Time (s): cpu = 00:01:15 ; elapsed = 00:01:18 . Memory (MB): peak = 2933.309 ; gain = 396.785

Phase 10 Depositing Routes
Phase 10 Depositing Routes | Checksum: 1bb285f36

Time (s): cpu = 00:01:17 ; elapsed = 00:01:20 . Memory (MB): peak = 2933.309 ; gain = 396.785

Phase 11 Post Process Routing
Phase 11 Post Process Routing | Checksum: 1bb285f36

Time (s): cpu = 00:01:17 ; elapsed = 00:01:20 . Memory (MB): peak = 2933.309 ; gain = 396.785

Phase 12 Post Router Timing
INFO: [Route 35-57] Estimated Timing Summary | WNS=3.802  | TNS=0.000  | WHS=0.030  | THS=0.000  |

INFO: [Route 35-327] The final timing numbers are based on the router estimated timing analysis. For a complete and accurate timing signoff, please run report_timing_summary.
Phase 12 Post Router Timing | Checksum: 1bb285f36

Time (s): cpu = 00:01:17 ; elapsed = 00:01:20 . Memory (MB): peak = 2933.309 ; gain = 396.785
Total Elapsed time in route_design: 80.16 secs

Phase 13 Post-Route Event Processing
Phase 13 Post-Route Event Processing | Checksum: 1b1a5358c

Time (s): cpu = 00:01:17 ; elapsed = 00:01:20 . Memory (MB): peak = 2933.309 ; gain = 396.785
INFO: [Route 35-16] Router Completed Successfully
Ending Routing Task | Checksum: 1b1a5358c

Time (s): cpu = 00:01:17 ; elapsed = 00:01:20 . Memory (MB): peak = 2933.309 ; gain = 396.785

Routing Is Done.
INFO: [Common 17-83] Releasing license: Implementation
95 Infos, 6 Warnings, 2 Critical Warnings and 0 Errors encountered.
route_design completed successfully
route_design: Time (s): cpu = 00:01:18 ; elapsed = 00:01:21 . Memory (MB): peak = 2933.309 ; gain = 396.785
INFO: [Vivado 12-24828] Executing command : report_drc -file top_drc_routed.rpt -pb top_drc_routed.pb -rpx top_drc_routed.rpx
Command: report_drc -file top_drc_routed.rpt -pb top_drc_routed.pb -rpx top_drc_routed.rpx
INFO: [IP_Flow 19-1839] IP Catalog is up to date.
INFO: [DRC 23-27] Running DRC with 2 threads
INFO: [Vivado_Tcl 2-168] The results of DRC are in file C:/Users/12097/Desktop/UCL/Final Project/origin_const/origin_const.runs/impl_1/top_drc_routed.rpt.
report_drc completed successfully
INFO: [Vivado 12-24828] Executing command : report_methodology -file top_methodology_drc_routed.rpt -pb top_methodology_drc_routed.pb -rpx top_methodology_drc_routed.rpx
Command: report_methodology -file top_methodology_drc_routed.rpt -pb top_methodology_drc_routed.pb -rpx top_methodology_drc_routed.rpx
INFO: [Timing 38-35] Done setting XDC timing constraints.
WARNING: [Timing 38-3] User defined clock exists on pin mmcm_inst/CLKOUT0 [See C:/Users/12097/Desktop/UCL/Final Project/origin_const/origin_const.srcs/constrs_1/imports/new/kc705.xdc:13] and will prevent any subsequent automatic derivation of generated clocks on that pin. If the user defined clock specifies '-add', any existing auto-derived clocks on that pin are retained.
INFO: [DRC 23-133] Running Methodology with 2 threads
INFO: [Vivado_Tcl 2-1520] The results of Report Methodology are in file C:/Users/12097/Desktop/UCL/Final Project/origin_const/origin_const.runs/impl_1/top_methodology_drc_routed.rpt.
report_methodology completed successfully
report_drc: Time (s): cpu = 00:00:12 ; elapsed = 00:00:07 . Memory (MB): peak = 2933.309 ; gain = 0.000
INFO: [Vivado 12-24828] Executing command : report_timing_summary -max_paths 10 -report_unconstrained -file top_timing_summary_routed.rpt -pb top_timing_summary_routed.pb -rpx top_timing_summary_routed.rpx -warn_on_violation 
INFO: [Timing 38-35] Done setting XDC timing constraints.
WARNING: [Timing 38-3] User defined clock exists on pin mmcm_inst/CLKOUT0 [See C:/Users/12097/Desktop/UCL/Final Project/origin_const/origin_const.srcs/constrs_1/imports/new/kc705.xdc:13] and will prevent any subsequent automatic derivation of generated clocks on that pin. If the user defined clock specifies '-add', any existing auto-derived clocks on that pin are retained.
INFO: [Timing 38-91] UpdateTimingParams: Speed grade: -2, Delay Type: min_max.
INFO: [Timing 38-191] Multithreading enabled for timing update using a maximum of 2 CPUs
INFO: [Vivado 12-24838] Running report commands "report_incremental_reuse, report_route_status" in parallel.
Running report generation with 2 threads.
INFO: [Vivado 12-24828] Executing command : report_incremental_reuse -file top_incremental_reuse_routed.rpt
INFO: [Vivado_Tcl 4-1062] Incremental flow is disabled. No incremental reuse Info to report.
INFO: [Vivado 12-24828] Executing command : report_route_status -file top_route_status.rpt -pb top_route_status.pb
INFO: [Vivado 12-24828] Executing command : report_power -file top_power_routed.rpt -pb top_power_summary_routed.pb -rpx top_power_routed.rpx
Command: report_power -file top_power_routed.rpt -pb top_power_summary_routed.pb -rpx top_power_routed.rpx
Running Vector-less Activity Propagation...

Finished Running Vector-less Activity Propagation
112 Infos, 8 Warnings, 2 Critical Warnings and 0 Errors encountered.
report_power completed successfully
report_power: Time (s): cpu = 00:00:11 ; elapsed = 00:00:11 . Memory (MB): peak = 2933.309 ; gain = 0.000
INFO: [Vivado 12-24828] Executing command : report_clock_utilization -file top_clock_utilization_routed.rpt
INFO: [Vivado 12-24828] Executing command : report_bus_skew -warn_on_violation -file top_bus_skew_routed.rpt -pb top_bus_skew_routed.pb -rpx top_bus_skew_routed.rpx
INFO: [Timing 38-91] UpdateTimingParams: Speed grade: -2, Delay Type: min_max.
INFO: [Timing 38-191] Multithreading enabled for timing update using a maximum of 2 CPUs
generate_parallel_reports: Time (s): cpu = 00:00:34 ; elapsed = 00:00:31 . Memory (MB): peak = 2933.309 ; gain = 0.000
INFO: [Timing 38-480] Writing timing data to binary archive.
Write ShapeDB Complete: Time (s): cpu = 00:00:00 ; elapsed = 00:00:00.059 . Memory (MB): peak = 2933.309 ; gain = 0.000
Wrote PlaceDB: Time (s): cpu = 00:00:02 ; elapsed = 00:00:01 . Memory (MB): peak = 2933.309 ; gain = 0.000
Wrote PulsedLatchDB: Time (s): cpu = 00:00:00 ; elapsed = 00:00:00 . Memory (MB): peak = 2933.309 ; gain = 0.000
Writing XDEF routing.
Writing XDEF routing logical nets.
Writing XDEF routing special nets.
Wrote RouteStorage: Time (s): cpu = 00:00:00 ; elapsed = 00:00:00.156 . Memory (MB): peak = 2933.309 ; gain = 0.000
Wrote Netlist Cache: Time (s): cpu = 00:00:00 ; elapsed = 00:00:00.026 . Memory (MB): peak = 2933.309 ; gain = 0.000
Wrote Device Cache: Time (s): cpu = 00:00:00 ; elapsed = 00:00:00.007 . Memory (MB): peak = 2933.309 ; gain = 0.000
Write Physdb Complete: Time (s): cpu = 00:00:02 ; elapsed = 00:00:01 . Memory (MB): peak = 2933.309 ; gain = 0.000
INFO: [Common 17-1381] The checkpoint 'C:/Users/12097/Desktop/UCL/Final Project/origin_const/origin_const.runs/impl_1/top_routed.dcp' has been generated.
Command: write_bitstream -force top.bit
Attempting to get a license for feature 'Implementation' and/or device 'xc7k325t'
INFO: [Common 17-349] Got license for feature 'Implementation' and/or device 'xc7k325t'
Running DRC as a precondition to command write_bitstream
INFO: [IP_Flow 19-1839] IP Catalog is up to date.
INFO: [DRC 23-27] Running DRC with 2 threads
INFO: [Vivado 12-3199] DRC finished with 0 Errors
INFO: [Vivado 12-3200] Please refer to the DRC report (report_drc) for more information.
INFO: [Designutils 20-2272] Running write_bitstream with 2 threads.
Loading data files...
Loading site data...
Loading route data...
Processing options...
Creating bitmap...
Creating bitstream...
Writing bitstream ./top.bit...
INFO: [Vivado 12-1842] Bitgen Completed Successfully.
INFO: [Common 17-83] Releasing license: Implementation
126 Infos, 8 Warnings, 2 Critical Warnings and 0 Errors encountered.
write_bitstream completed successfully
write_bitstream: Time (s): cpu = 00:00:36 ; elapsed = 00:00:26 . Memory (MB): peak = 3536.508 ; gain = 603.199
INFO: [Common 17-206] Exiting Vivado at Wed Jul 30 15:57:36 2025...
